Build started 21.05.2023 14:44:27.
     1>Project "D:\project evo\kućAppka\bakup\anim editor\Win32Project1\Win32Project1\Win32Project1.vcxproj" on node 2 (Build target(s)).
     1>ClCompile:
         D:\programy\vs2012e\VC\bin\CL.exe /c /Zi /nologo /W3 /WX- /O2 /Oi /Oy- /GL /D WIN32 /D NDEBUG /D _WINDOWS /D _UNICODE /D UNICODE /Gm- /EHsc /MD /GS /Gy /fp:precise /Zc:wchar_t /Zc:forScope /Fo"Release\\" /Fd"Release\vc110.pdb" /Gd /TP /analyze- /errorReport:prompt main.cpp
         main.cpp
     1>d:\project evo\kućappka\bakup\anim editor\win32project1\win32project1\font.h(66): warning C4996: 'vsprintf': This function or variable may be unsafe. Consider using vsprintf_s instead. To disable deprecation, use _CRT_SECURE_NO_WARNINGS. See online help for details.
                 D:\programy\vs2012e\VC\include\stdio.h(357) : see declaration of 'vsprintf'
     1>d:\project evo\kućappka\bakup\anim editor\win32project1\win32project1\font.h(92): warning C4996: 'vsprintf': This function or variable may be unsafe. Consider using vsprintf_s instead. To disable deprecation, use _CRT_SECURE_NO_WARNINGS. See online help for details.
                 D:\programy\vs2012e\VC\include\stdio.h(357) : see declaration of 'vsprintf'
     1>d:\project evo\kućappka\bakup\anim editor\win32project1\win32project1\font.h(103): warning C4996: 'vsprintf': This function or variable may be unsafe. Consider using vsprintf_s instead. To disable deprecation, use _CRT_SECURE_NO_WARNINGS. See online help for details.
                 D:\programy\vs2012e\VC\include\stdio.h(357) : see declaration of 'vsprintf'
     1>d:\project evo\kućappka\bakup\anim editor\win32project1\win32project1\wor.h(35): warning C4244: '=' : conversion from 'int' to 'GLfloat', possible loss of data
         GLM: perspective function taking degrees as a parameter is deprecated. #define GLM_FORCE_RADIANS before including GLM headers to remove this message.
         GLM: rotate function taking degrees as a parameter is deprecated. #define GLM_FORCE_RADIANS before including GLM headers to remove this message.
       Link:
         D:\programy\vs2012e\VC\bin\link.exe /ERRORREPORT:PROMPT /OUT:"D:\project evo\kućAppka\bakup\anim editor\Win32Project1\Release\Win32Project1.exe" /INCREMENTAL:NO /NOLOGO kernel32.lib user32.lib gdi32.lib winspool.lib comdlg32.lib advapi32.lib shell32.lib ole32.lib oleaut32.lib uuid.lib odbc32.lib odbccp32.lib /MANIFEST /MANIFESTUAC:"level='asInvoker' uiAccess='false'" /manifest:embed /DEBUG /PDB:"D:\project evo\kućAppka\bakup\anim editor\Win32Project1\Release\Win32Project1.pdb" /SUBSYSTEM:WINDOWS /OPT:REF /OPT:ICF /LTCG /TLBID:1 /DYNAMICBASE /NXCOMPAT /IMPLIB:"D:\project evo\kućAppka\bakup\anim editor\Win32Project1\Release\Win32Project1.lib" /MACHINE:X86 /SAFESEH Release\main.obj
     1>SOIL.lib(SOIL.obj) : warning LNK4075: ignoring '/EDITANDCONTINUE' due to '/OPT:ICF' specification
     1>LINK : warning LNK4098: defaultlib 'MSVCRTD' conflicts with use of other libs; use /NODEFAULTLIB:library
         Generating code
         Finished generating code
     1>SOIL.lib(image_DXT.obj) : warning LNK4099: PDB 'SOIL.pdb' was not found with 'SOIL.lib(image_DXT.obj)' or at 'D:\project evo\kućAppka\bakup\anim editor\Win32Project1\Release\SOIL.pdb'; linking object as if no debug info
     1>SOIL.lib(image_helper.obj) : warning LNK4099: PDB 'SOIL.pdb' was not found with 'SOIL.lib(image_helper.obj)' or at 'D:\project evo\kućAppka\bakup\anim editor\Win32Project1\Release\SOIL.pdb'; linking object as if no debug info
     1>SOIL.lib(SOIL.obj) : warning LNK4099: PDB 'SOIL.pdb' was not found with 'SOIL.lib(SOIL.obj)' or at 'D:\project evo\kućAppka\bakup\anim editor\Win32Project1\Release\SOIL.pdb'; linking object as if no debug info
     1>SOIL.lib(stb_image_aug.obj) : warning LNK4099: PDB 'SOIL.pdb' was not found with 'SOIL.lib(stb_image_aug.obj)' or at 'D:\project evo\kućAppka\bakup\anim editor\Win32Project1\Release\SOIL.pdb'; linking object as if no debug info
         Win32Project1.vcxproj -> D:\project evo\kućAppka\bakup\anim editor\Win32Project1\Release\Win32Project1.exe
     1>Done Building Project "D:\project evo\kućAppka\bakup\anim editor\Win32Project1\Win32Project1\Win32Project1.vcxproj" (Build target(s)).

Build succeeded.

Time Elapsed 00:00:01.83
